<?xml version="1.0" encoding="UTF-8"?>
<!-- Generated by org.testng.reporters.JUnitXMLReporter -->
<testsuite ignored="0" hostname="DESKTOP-D9VS67A" failures="0" tests="3" name="Test" time="30.392" errors="0" timestamp="2023-08-01T18:06:35 IST">
  <testcase classname="eCommerceProject.Ajio" name="ajiotest" time="10.68"/>
  <testcase classname="eCommerceProject.Amazon" name="amazontest" time="11.655"/>
  <testcase classname="eCommerceProject.Flipcart" name="flipcarttest" time="7.992"/>
</testsuite> <!-- Test -->
