<?xml version="1.0" encoding="UTF-8"?>
<testng-results ignored="0" total="3" passed="3" failed="0" skipped="0">
  <reporter-output>
    <line>
      <![CDATA[Ajio is Opening]]>
    </line>
    <line>
      <![CDATA[opening]]>
    </line>
    <line>
      <![CDATA[opening Flipcart]]>
    </line>
  </reporter-output>
  <suite started-at="2023-08-01T18:06:05 IST" name="Suite" finished-at="2023-08-01T18:06:35 IST" duration-ms="30392">
    <groups>
    </groups>
    <test started-at="2023-08-01T18:06:05 IST" name="Test" finished-at="2023-08-01T18:06:35 IST" duration-ms="30392">
      <class name="eCommerceProject.Flipcart">
        <test-method signature="flipcarttest()[pri:0, instance:eCommerceProject.Flipcart@222545dc]" started-at="2023-08-01T18:06:27 IST" name="flipcarttest" finished-at="2023-08-01T18:06:35 IST" duration-ms="7992" status="PASS">
          <reporter-output>
            <line>
              <![CDATA[opening Flipcart]]>
            </line>
          </reporter-output>
        </test-method> <!-- flipcarttest -->
      </class> <!-- eCommerceProject.Flipcart -->
      <class name="eCommerceProject.Ajio">
        <test-method signature="ajiotest()[pri:0, instance:eCommerceProject.Ajio@6572421]" started-at="2023-08-01T18:06:05 IST" name="ajiotest" finished-at="2023-08-01T18:06:15 IST" duration-ms="10680" status="PASS">
          <reporter-output>
            <line>
              <![CDATA[Ajio is Opening]]>
            </line>
          </reporter-output>
        </test-method> <!-- ajiotest -->
      </class> <!-- eCommerceProject.Ajio -->
      <class name="eCommerceProject.Amazon">
        <test-method signature="amazontest()[pri:0, instance:eCommerceProject.Amazon@6ae5aa72]" started-at="2023-08-01T18:06:15 IST" name="amazontest" finished-at="2023-08-01T18:06:27 IST" duration-ms="11655" status="PASS">
          <reporter-output>
            <line>
              <![CDATA[opening]]>
            </line>
          </reporter-output>
        </test-method> <!-- amazontest -->
      </class> <!-- eCommerceProject.Amazon -->
    </test> <!-- Test -->
  </suite> <!-- Suite -->
</testng-results>
